  main.cpp
c:\Program Files (x86)\Microsoft Visual Studio 10.0\VC\include\Angel.h(63): warning C4305: 'initializing' : truncation from 'double' to 'const GLfloat'
c:\program files (x86)\microsoft visual studio 10.0\vc\include\mat.h(707): warning C4244: '=' : conversion from 'double' to 'GLfloat', possible loss of data
c:\program files (x86)\microsoft visual studio 10.0\vc\include\mat.h(708): warning C4244: '=' : conversion from 'double' to 'GLfloat', possible loss of data
c:\program files (x86)\microsoft visual studio 10.0\vc\include\mat.h(709): warning C4244: '=' : conversion from 'double' to 'GLfloat', possible loss of data
c:\program files (x86)\microsoft visual studio 10.0\vc\include\mat.h(730): warning C4244: '=' : conversion from 'double' to 'GLfloat', possible loss of data
c:\program files (x86)\microsoft visual studio 10.0\vc\include\mat.h(732): warning C4244: '=' : conversion from 'double' to 'GLfloat', possible loss of data
c:\program files (x86)\microsoft visual studio 10.0\vc\include\mat.h(735): warning C4244: '=' : conversion from 'double' to 'GLfloat', possible loss of data
c:\program files (x86)\microsoft visual studio 10.0\vc\include\mat.h(752): warning C4244: '=' : conversion from 'double' to 'GLfloat', possible loss of data
c:\users\debbie\documents\visual studio 2010\projects\cs 4250 assignment 2\cs 4250 assignment 2\Util.h(17): warning C4244: 'initializing' : conversion from 'double' to 'float', possible loss of data
c:\users\debbie\documents\visual studio 2010\projects\cs 4250 assignment 2\cs 4250 assignment 2\Util.h(58): warning C4244: 'initializing' : conversion from 'double' to 'float', possible loss of data
c:\users\debbie\documents\visual studio 2010\projects\cs 4250 assignment 2\cs 4250 assignment 2\Util.h(68): warning C4244: 'argument' : conversion from 'double' to 'GLfloat', possible loss of data
c:\users\debbie\documents\visual studio 2010\projects\cs 4250 assignment 2\cs 4250 assignment 2\Util.h(68): warning C4244: 'argument' : conversion from 'double' to 'GLfloat', possible loss of data
c:\users\debbie\documents\visual studio 2010\projects\cs 4250 assignment 2\cs 4250 assignment 2\Util.h(68): warning C4244: 'argument' : conversion from 'double' to 'GLfloat', possible loss of data
c:\users\debbie\documents\visual studio 2010\projects\cs 4250 assignment 2\cs 4250 assignment 2\Util.h(69): warning C4244: 'argument' : conversion from 'double' to 'GLfloat', possible loss of data
c:\users\debbie\documents\visual studio 2010\projects\cs 4250 assignment 2\cs 4250 assignment 2\Util.h(69): warning C4244: 'argument' : conversion from 'double' to 'GLfloat', possible loss of data
c:\users\debbie\documents\visual studio 2010\projects\cs 4250 assignment 2\cs 4250 assignment 2\Util.h(69): warning C4244: 'argument' : conversion from 'double' to 'GLfloat', possible loss of data
c:\users\debbie\documents\visual studio 2010\projects\cs 4250 assignment 2\cs 4250 assignment 2\Util.h(70): warning C4244: 'argument' : conversion from 'double' to 'GLfloat', possible loss of data
c:\users\debbie\documents\visual studio 2010\projects\cs 4250 assignment 2\cs 4250 assignment 2\Util.h(70): warning C4244: 'argument' : conversion from 'double' to 'GLfloat', possible loss of data
c:\users\debbie\documents\visual studio 2010\projects\cs 4250 assignment 2\cs 4250 assignment 2\Util.h(70): warning C4244: 'argument' : conversion from 'double' to 'GLfloat', possible loss of data
c:\users\debbie\documents\visual studio 2010\projects\cs 4250 assignment 2\cs 4250 assignment 2\Util.h(71): warning C4244: 'argument' : conversion from 'double' to 'GLfloat', possible loss of data
c:\users\debbie\documents\visual studio 2010\projects\cs 4250 assignment 2\cs 4250 assignment 2\Util.h(71): warning C4244: 'argument' : conversion from 'double' to 'GLfloat', possible loss of data
c:\users\debbie\documents\visual studio 2010\projects\cs 4250 assignment 2\cs 4250 assignment 2\Util.h(71): warning C4244: 'argument' : conversion from 'double' to 'GLfloat', possible loss of data
c:\users\debbie\documents\visual studio 2010\projects\cs 4250 assignment 2\cs 4250 assignment 2\Util.h(72): warning C4244: 'argument' : conversion from 'double' to 'GLfloat', possible loss of data
c:\users\debbie\documents\visual studio 2010\projects\cs 4250 assignment 2\cs 4250 assignment 2\Util.h(72): warning C4244: 'argument' : conversion from 'double' to 'GLfloat', possible loss of data
c:\users\debbie\documents\visual studio 2010\projects\cs 4250 assignment 2\cs 4250 assignment 2\Util.h(72): warning C4244: 'argument' : conversion from 'double' to 'GLfloat', possible loss of data
c:\users\debbie\documents\visual studio 2010\projects\cs 4250 assignment 2\cs 4250 assignment 2\Util.h(73): warning C4244: 'argument' : conversion from 'double' to 'GLfloat', possible loss of data
c:\users\debbie\documents\visual studio 2010\projects\cs 4250 assignment 2\cs 4250 assignment 2\Util.h(73): warning C4244: 'argument' : conversion from 'double' to 'GLfloat', possible loss of data
c:\users\debbie\documents\visual studio 2010\projects\cs 4250 assignment 2\cs 4250 assignment 2\Util.h(73): warning C4244: 'argument' : conversion from 'double' to 'GLfloat', possible loss of data
c:\users\debbie\documents\visual studio 2010\projects\cs 4250 assignment 2\cs 4250 assignment 2\Util.h(74): warning C4244: 'argument' : conversion from 'double' to 'GLfloat', possible loss of data
c:\users\debbie\documents\visual studio 2010\projects\cs 4250 assignment 2\cs 4250 assignment 2\Util.h(74): warning C4244: 'argument' : conversion from 'double' to 'GLfloat', possible loss of data
c:\users\debbie\documents\visual studio 2010\projects\cs 4250 assignment 2\cs 4250 assignment 2\Util.h(74): warning C4244: 'argument' : conversion from 'double' to 'GLfloat', possible loss of data
c:\users\debbie\documents\visual studio 2010\projects\cs 4250 assignment 2\cs 4250 assignment 2\Util.h(75): warning C4244: 'argument' : conversion from 'double' to 'GLfloat', possible loss of data
c:\users\debbie\documents\visual studio 2010\projects\cs 4250 assignment 2\cs 4250 assignment 2\Util.h(75): warning C4244: 'argument' : conversion from 'double' to 'GLfloat', possible loss of data
c:\users\debbie\documents\visual studio 2010\projects\cs 4250 assignment 2\cs 4250 assignment 2\Util.h(75): warning C4244: 'argument' : conversion from 'double' to 'GLfloat', possible loss of data
c:\users\debbie\documents\visual studio 2010\projects\cs 4250 assignment 2\cs 4250 assignment 2\Util.h(76): warning C4244: 'argument' : conversion from 'double' to 'GLfloat', possible loss of data
c:\users\debbie\documents\visual studio 2010\projects\cs 4250 assignment 2\cs 4250 assignment 2\Util.h(76): warning C4244: 'argument' : conversion from 'double' to 'GLfloat', possible loss of data
c:\users\debbie\documents\visual studio 2010\projects\cs 4250 assignment 2\cs 4250 assignment 2\Util.h(76): warning C4244: 'argument' : conversion from 'double' to 'GLfloat', possible loss of data
c:\users\debbie\documents\visual studio 2010\projects\cs 4250 assignment 2\cs 4250 assignment 2\Util.h(77): warning C4244: 'argument' : conversion from 'double' to 'GLfloat', possible loss of data
c:\users\debbie\documents\visual studio 2010\projects\cs 4250 assignment 2\cs 4250 assignment 2\Util.h(77): warning C4244: 'argument' : conversion from 'double' to 'GLfloat', possible loss of data
c:\users\debbie\documents\visual studio 2010\projects\cs 4250 assignment 2\cs 4250 assignment 2\Util.h(77): warning C4244: 'argument' : conversion from 'double' to 'GLfloat', possible loss of data
c:\users\debbie\documents\visual studio 2010\projects\cs 4250 assignment 2\cs 4250 assignment 2\Util.h(78): warning C4244: 'argument' : conversion from 'double' to 'GLfloat', possible loss of data
c:\users\debbie\documents\visual studio 2010\projects\cs 4250 assignment 2\cs 4250 assignment 2\Util.h(78): warning C4244: 'argument' : conversion from 'double' to 'GLfloat', possible loss of data
c:\users\debbie\documents\visual studio 2010\projects\cs 4250 assignment 2\cs 4250 assignment 2\Util.h(78): warning C4244: 'argument' : conversion from 'double' to 'GLfloat', possible loss of data
c:\users\debbie\documents\visual studio 2010\projects\cs 4250 assignment 2\cs 4250 assignment 2\Util.h(79): warning C4244: 'argument' : conversion from 'double' to 'GLfloat', possible loss of data
c:\users\debbie\documents\visual studio 2010\projects\cs 4250 assignment 2\cs 4250 assignment 2\Util.h(79): warning C4244: 'argument' : conversion from 'double' to 'GLfloat', possible loss of data
c:\users\debbie\documents\visual studio 2010\projects\cs 4250 assignment 2\cs 4250 assignment 2\Util.h(79): warning C4244: 'argument' : conversion from 'double' to 'GLfloat', possible loss of data
c:\users\debbie\documents\visual studio 2010\projects\cs 4250 assignment 2\cs 4250 assignment 2\Util.h(80): warning C4244: 'argument' : conversion from 'double' to 'GLfloat', possible loss of data
c:\users\debbie\documents\visual studio 2010\projects\cs 4250 assignment 2\cs 4250 assignment 2\Util.h(80): warning C4244: 'argument' : conversion from 'double' to 'GLfloat', possible loss of data
c:\users\debbie\documents\visual studio 2010\projects\cs 4250 assignment 2\cs 4250 assignment 2\Util.h(80): warning C4244: 'argument' : conversion from 'double' to 'GLfloat', possible loss of data
c:\users\debbie\documents\visual studio 2010\projects\cs 4250 assignment 2\cs 4250 assignment 2\Util.h(81): warning C4244: 'argument' : conversion from 'double' to 'GLfloat', possible loss of data
c:\users\debbie\documents\visual studio 2010\projects\cs 4250 assignment 2\cs 4250 assignment 2\Util.h(81): warning C4244: 'argument' : conversion from 'double' to 'GLfloat', possible loss of data
c:\users\debbie\documents\visual studio 2010\projects\cs 4250 assignment 2\cs 4250 assignment 2\Util.h(81): warning C4244: 'argument' : conversion from 'double' to 'GLfloat', possible loss of data
c:\users\debbie\documents\visual studio 2010\projects\cs 4250 assignment 2\cs 4250 assignment 2\Util.h(82): warning C4244: 'argument' : conversion from 'double' to 'GLfloat', possible loss of data
c:\users\debbie\documents\visual studio 2010\projects\cs 4250 assignment 2\cs 4250 assignment 2\Util.h(82): warning C4244: 'argument' : conversion from 'double' to 'GLfloat', possible loss of data
c:\users\debbie\documents\visual studio 2010\projects\cs 4250 assignment 2\cs 4250 assignment 2\Util.h(82): warning C4244: 'argument' : conversion from 'double' to 'GLfloat', possible loss of data
c:\users\debbie\documents\visual studio 2010\projects\cs 4250 assignment 2\cs 4250 assignment 2\Util.h(83): warning C4244: 'argument' : conversion from 'double' to 'GLfloat', possible loss of data
c:\users\debbie\documents\visual studio 2010\projects\cs 4250 assignment 2\cs 4250 assignment 2\Util.h(83): warning C4244: 'argument' : conversion from 'double' to 'GLfloat', possible loss of data
c:\users\debbie\documents\visual studio 2010\projects\cs 4250 assignment 2\cs 4250 assignment 2\Util.h(83): warning C4244: 'argument' : conversion from 'double' to 'GLfloat', possible loss of data
c:\users\debbie\documents\visual studio 2010\projects\cs 4250 assignment 2\cs 4250 assignment 2\Util.h(84): warning C4244: 'argument' : conversion from 'double' to 'GLfloat', possible loss of data
c:\users\debbie\documents\visual studio 2010\projects\cs 4250 assignment 2\cs 4250 assignment 2\Util.h(84): warning C4244: 'argument' : conversion from 'double' to 'GLfloat', possible loss of data
c:\users\debbie\documents\visual studio 2010\projects\cs 4250 assignment 2\cs 4250 assignment 2\Util.h(84): warning C4244: 'argument' : conversion from 'double' to 'GLfloat', possible loss of data
c:\users\debbie\documents\visual studio 2010\projects\cs 4250 assignment 2\cs 4250 assignment 2\Util.h(85): warning C4244: 'argument' : conversion from 'double' to 'GLfloat', possible loss of data
c:\users\debbie\documents\visual studio 2010\projects\cs 4250 assignment 2\cs 4250 assignment 2\Util.h(85): warning C4244: 'argument' : conversion from 'double' to 'GLfloat', possible loss of data
c:\users\debbie\documents\visual studio 2010\projects\cs 4250 assignment 2\cs 4250 assignment 2\Util.h(85): warning C4244: 'argument' : conversion from 'double' to 'GLfloat', possible loss of data
c:\users\debbie\documents\visual studio 2010\projects\cs 4250 assignment 2\cs 4250 assignment 2\Util.h(86): warning C4244: 'argument' : conversion from 'double' to 'GLfloat', possible loss of data
c:\users\debbie\documents\visual studio 2010\projects\cs 4250 assignment 2\cs 4250 assignment 2\Util.h(86): warning C4244: 'argument' : conversion from 'double' to 'GLfloat', possible loss of data
c:\users\debbie\documents\visual studio 2010\projects\cs 4250 assignment 2\cs 4250 assignment 2\Util.h(86): warning C4244: 'argument' : conversion from 'double' to 'GLfloat', possible loss of data
c:\users\debbie\documents\visual studio 2010\projects\cs 4250 assignment 2\cs 4250 assignment 2\Util.h(87): warning C4244: 'argument' : conversion from 'double' to 'GLfloat', possible loss of data
c:\users\debbie\documents\visual studio 2010\projects\cs 4250 assignment 2\cs 4250 assignment 2\Util.h(87): warning C4244: 'argument' : conversion from 'double' to 'GLfloat', possible loss of data
c:\users\debbie\documents\visual studio 2010\projects\cs 4250 assignment 2\cs 4250 assignment 2\Util.h(87): warning C4244: 'argument' : conversion from 'double' to 'GLfloat', possible loss of data
c:\users\debbie\documents\visual studio 2010\projects\cs 4250 assignment 2\cs 4250 assignment 2\Util.h(88): warning C4244: 'argument' : conversion from 'double' to 'GLfloat', possible loss of data
c:\users\debbie\documents\visual studio 2010\projects\cs 4250 assignment 2\cs 4250 assignment 2\Util.h(88): warning C4244: 'argument' : conversion from 'double' to 'GLfloat', possible loss of data
c:\users\debbie\documents\visual studio 2010\projects\cs 4250 assignment 2\cs 4250 assignment 2\Util.h(88): warning C4244: 'argument' : conversion from 'double' to 'GLfloat', possible loss of data
c:\users\debbie\documents\visual studio 2010\projects\cs 4250 assignment 2\cs 4250 assignment 2\Util.h(89): warning C4244: 'argument' : conversion from 'double' to 'GLfloat', possible loss of data
c:\users\debbie\documents\visual studio 2010\projects\cs 4250 assignment 2\cs 4250 assignment 2\Util.h(89): warning C4244: 'argument' : conversion from 'double' to 'GLfloat', possible loss of data
c:\users\debbie\documents\visual studio 2010\projects\cs 4250 assignment 2\cs 4250 assignment 2\Util.h(89): warning C4244: 'argument' : conversion from 'double' to 'GLfloat', possible loss of data
c:\users\debbie\documents\visual studio 2010\projects\cs 4250 assignment 2\cs 4250 assignment 2\Util.h(90): warning C4244: 'argument' : conversion from 'double' to 'GLfloat', possible loss of data
c:\users\debbie\documents\visual studio 2010\projects\cs 4250 assignment 2\cs 4250 assignment 2\Util.h(90): warning C4244: 'argument' : conversion from 'double' to 'GLfloat', possible loss of data
c:\users\debbie\documents\visual studio 2010\projects\cs 4250 assignment 2\cs 4250 assignment 2\Util.h(90): warning C4244: 'argument' : conversion from 'double' to 'GLfloat', possible loss of data
c:\users\debbie\documents\visual studio 2010\projects\cs 4250 assignment 2\cs 4250 assignment 2\Util.h(91): warning C4244: 'argument' : conversion from 'double' to 'GLfloat', possible loss of data
c:\users\debbie\documents\visual studio 2010\projects\cs 4250 assignment 2\cs 4250 assignment 2\Util.h(91): warning C4244: 'argument' : conversion from 'double' to 'GLfloat', possible loss of data
c:\users\debbie\documents\visual studio 2010\projects\cs 4250 assignment 2\cs 4250 assignment 2\Util.h(91): warning C4244: 'argument' : conversion from 'double' to 'GLfloat', possible loss of data
c:\users\debbie\documents\visual studio 2010\projects\cs 4250 assignment 2\cs 4250 assignment 2\Util.h(92): warning C4244: 'argument' : conversion from 'double' to 'GLfloat', possible loss of data
c:\users\debbie\documents\visual studio 2010\projects\cs 4250 assignment 2\cs 4250 assignment 2\Util.h(92): warning C4244: 'argument' : conversion from 'double' to 'GLfloat', possible loss of data
c:\users\debbie\documents\visual studio 2010\projects\cs 4250 assignment 2\cs 4250 assignment 2\Util.h(92): warning C4244: 'argument' : conversion from 'double' to 'GLfloat', possible loss of data
c:\users\debbie\documents\visual studio 2010\projects\cs 4250 assignment 2\cs 4250 assignment 2\Util.h(93): warning C4244: 'argument' : conversion from 'double' to 'GLfloat', possible loss of data
c:\users\debbie\documents\visual studio 2010\projects\cs 4250 assignment 2\cs 4250 assignment 2\Util.h(93): warning C4244: 'argument' : conversion from 'double' to 'GLfloat', possible loss of data
c:\users\debbie\documents\visual studio 2010\projects\cs 4250 assignment 2\cs 4250 assignment 2\Util.h(93): warning C4244: 'argument' : conversion from 'double' to 'GLfloat', possible loss of data
c:\users\debbie\documents\visual studio 2010\projects\cs 4250 assignment 2\cs 4250 assignment 2\Util.h(94): warning C4244: 'argument' : conversion from 'double' to 'GLfloat', possible loss of data
c:\users\debbie\documents\visual studio 2010\projects\cs 4250 assignment 2\cs 4250 assignment 2\Util.h(94): warning C4244: 'argument' : conversion from 'double' to 'GLfloat', possible loss of data
c:\users\debbie\documents\visual studio 2010\projects\cs 4250 assignment 2\cs 4250 assignment 2\Util.h(94): warning C4244: 'argument' : conversion from 'double' to 'GLfloat', possible loss of data
c:\users\debbie\documents\visual studio 2010\projects\cs 4250 assignment 2\cs 4250 assignment 2\Util.h(95): warning C4244: 'argument' : conversion from 'double' to 'GLfloat', possible loss of data
c:\users\debbie\documents\visual studio 2010\projects\cs 4250 assignment 2\cs 4250 assignment 2\Util.h(95): warning C4244: 'argument' : conversion from 'double' to 'GLfloat', possible loss of data
c:\users\debbie\documents\visual studio 2010\projects\cs 4250 assignment 2\cs 4250 assignment 2\Util.h(95): warning C4244: 'argument' : conversion from 'double' to 'GLfloat', possible loss of data
c:\users\debbie\documents\visual studio 2010\projects\cs 4250 assignment 2\cs 4250 assignment 2\Util.h(96): warning C4244: 'argument' : conversion from 'double' to 'GLfloat', possible loss of data
c:\users\debbie\documents\visual studio 2010\projects\cs 4250 assignment 2\cs 4250 assignment 2\Util.h(96): warning C4244: 'argument' : conversion from 'double' to 'GLfloat', possible loss of data
c:\users\debbie\documents\visual studio 2010\projects\cs 4250 assignment 2\cs 4250 assignment 2\Util.h(96): warning C4244: 'argument' : conversion from 'double' to 'GLfloat', possible loss of data
c:\users\debbie\documents\visual studio 2010\projects\cs 4250 assignment 2\cs 4250 assignment 2\Util.h(97): warning C4244: 'argument' : conversion from 'double' to 'GLfloat', possible loss of data
c:\users\debbie\documents\visual studio 2010\projects\cs 4250 assignment 2\cs 4250 assignment 2\Util.h(97): warning C4244: 'argument' : conversion from 'double' to 'GLfloat', possible loss of data
c:\users\debbie\documents\visual studio 2010\projects\cs 4250 assignment 2\cs 4250 assignment 2\Util.h(97): warning C4244: 'argument' : conversion from 'double' to 'GLfloat', possible loss of data
c:\users\debbie\documents\visual studio 2010\projects\cs 4250 assignment 2\cs 4250 assignment 2\Util.h(98): warning C4244: 'argument' : conversion from 'double' to 'GLfloat', possible loss of data
c:\users\debbie\documents\visual studio 2010\projects\cs 4250 assignment 2\cs 4250 assignment 2\Util.h(98): warning C4244: 'argument' : conversion from 'double' to 'GLfloat', possible loss of data
c:\users\debbie\documents\visual studio 2010\projects\cs 4250 assignment 2\cs 4250 assignment 2\Util.h(98): warning C4244: 'argument' : conversion from 'double' to 'GLfloat', possible loss of data
c:\users\debbie\documents\visual studio 2010\projects\cs 4250 assignment 2\cs 4250 assignment 2\Util.h(99): warning C4244: 'argument' : conversion from 'double' to 'GLfloat', possible loss of data
c:\users\debbie\documents\visual studio 2010\projects\cs 4250 assignment 2\cs 4250 assignment 2\Util.h(99): warning C4244: 'argument' : conversion from 'double' to 'GLfloat', possible loss of data
c:\users\debbie\documents\visual studio 2010\projects\cs 4250 assignment 2\cs 4250 assignment 2\Util.h(99): warning C4244: 'argument' : conversion from 'double' to 'GLfloat', possible loss of data
c:\users\debbie\documents\visual studio 2010\projects\cs 4250 assignment 2\cs 4250 assignment 2\Util.h(100): warning C4244: 'argument' : conversion from 'double' to 'GLfloat', possible loss of data
c:\users\debbie\documents\visual studio 2010\projects\cs 4250 assignment 2\cs 4250 assignment 2\Util.h(100): warning C4244: 'argument' : conversion from 'double' to 'GLfloat', possible loss of data
c:\users\debbie\documents\visual studio 2010\projects\cs 4250 assignment 2\cs 4250 assignment 2\Util.h(100): warning C4244: 'argument' : conversion from 'double' to 'GLfloat', possible loss of data
c:\users\debbie\documents\visual studio 2010\projects\cs 4250 assignment 2\cs 4250 assignment 2\Util.h(101): warning C4244: 'argument' : conversion from 'double' to 'GLfloat', possible loss of data
c:\users\debbie\documents\visual studio 2010\projects\cs 4250 assignment 2\cs 4250 assignment 2\Util.h(101): warning C4244: 'argument' : conversion from 'double' to 'GLfloat', possible loss of data
c:\users\debbie\documents\visual studio 2010\projects\cs 4250 assignment 2\cs 4250 assignment 2\Util.h(101): warning C4244: 'argument' : conversion from 'double' to 'GLfloat', possible loss of data
c:\users\debbie\documents\visual studio 2010\projects\cs 4250 assignment 2\cs 4250 assignment 2\Util.h(102): warning C4244: 'argument' : conversion from 'double' to 'GLfloat', possible loss of data
c:\users\debbie\documents\visual studio 2010\projects\cs 4250 assignment 2\cs 4250 assignment 2\Util.h(102): warning C4244: 'argument' : conversion from 'double' to 'GLfloat', possible loss of data
c:\users\debbie\documents\visual studio 2010\projects\cs 4250 assignment 2\cs 4250 assignment 2\Util.h(102): warning C4244: 'argument' : conversion from 'double' to 'GLfloat', possible loss of data
c:\users\debbie\documents\visual studio 2010\projects\cs 4250 assignment 2\cs 4250 assignment 2\Util.h(103): warning C4244: 'argument' : conversion from 'double' to 'GLfloat', possible loss of data
c:\users\debbie\documents\visual studio 2010\projects\cs 4250 assignment 2\cs 4250 assignment 2\Util.h(103): warning C4244: 'argument' : conversion from 'double' to 'GLfloat', possible loss of data
c:\users\debbie\documents\visual studio 2010\projects\cs 4250 assignment 2\cs 4250 assignment 2\Util.h(103): warning C4244: 'argument' : conversion from 'double' to 'GLfloat', possible loss of data
c:\users\debbie\documents\visual studio 2010\projects\cs 4250 assignment 2\cs 4250 assignment 2\Util.h(111): warning C4244: 'argument' : conversion from 'double' to 'GLfloat', possible loss of data
c:\users\debbie\documents\visual studio 2010\projects\cs 4250 assignment 2\cs 4250 assignment 2\Util.h(116): warning C4244: 'argument' : conversion from 'double' to 'const GLfloat', possible loss of data
c:\users\debbie\documents\visual studio 2010\projects\cs 4250 assignment 2\cs 4250 assignment 2\Util.h(116): warning C4244: 'argument' : conversion from 'double' to 'const GLfloat', possible loss of data
c:\users\debbie\documents\visual studio 2010\projects\cs 4250 assignment 2\cs 4250 assignment 2\Util.h(116): warning C4244: 'argument' : conversion from 'double' to 'const GLfloat', possible loss of data
c:\users\debbie\documents\visual studio 2010\projects\cs 4250 assignment 2\cs 4250 assignment 2\Util.h(120): warning C4244: 'argument' : conversion from 'double' to 'const GLfloat', possible loss of data
c:\users\debbie\documents\visual studio 2010\projects\cs 4250 assignment 2\cs 4250 assignment 2\Util.h(120): warning C4244: 'argument' : conversion from 'double' to 'const GLfloat', possible loss of data
c:\users\debbie\documents\visual studio 2010\projects\cs 4250 assignment 2\cs 4250 assignment 2\Util.h(120): warning C4244: 'argument' : conversion from 'double' to 'const GLfloat', possible loss of data
c:\users\debbie\documents\visual studio 2010\projects\cs 4250 assignment 2\cs 4250 assignment 2\Object.h(44): warning C4244: '=' : conversion from 'double' to 'GLfloat', possible loss of data
c:\users\debbie\documents\visual studio 2010\projects\cs 4250 assignment 2\cs 4250 assignment 2\Object.h(170): warning C4244: 'argument' : conversion from 'double' to 'GLfloat', possible loss of data
c:\users\debbie\documents\visual studio 2010\projects\cs 4250 assignment 2\cs 4250 assignment 2\Object.h(170): warning C4244: 'argument' : conversion from 'double' to 'GLfloat', possible loss of data
c:\users\debbie\documents\visual studio 2010\projects\cs 4250 assignment 2\cs 4250 assignment 2\Object.h(172): warning C4244: 'argument' : conversion from 'double' to 'const GLfloat', possible loss of data
c:\users\debbie\documents\visual studio 2010\projects\cs 4250 assignment 2\cs 4250 assignment 2\Object.h(172): warning C4244: 'argument' : conversion from 'double' to 'const GLfloat', possible loss of data
c:\users\debbie\documents\visual studio 2010\projects\cs 4250 assignment 2\cs 4250 assignment 2\Object.h(172): warning C4244: 'argument' : conversion from 'double' to 'const GLfloat', possible loss of data
c:\users\debbie\documents\visual studio 2010\projects\cs 4250 assignment 2\cs 4250 assignment 2\FoodCrate.h(68): warning C4305: 'argument' : truncation from 'double' to 'GLfloat'
c:\users\debbie\documents\visual studio 2010\projects\cs 4250 assignment 2\cs 4250 assignment 2\FoodCrate.h(68): warning C4305: 'argument' : truncation from 'double' to 'GLfloat'
c:\users\debbie\documents\visual studio 2010\projects\cs 4250 assignment 2\cs 4250 assignment 2\FoodCrate.h(68): warning C4305: 'argument' : truncation from 'double' to 'GLfloat'
c:\users\debbie\documents\visual studio 2010\projects\cs 4250 assignment 2\cs 4250 assignment 2\Tree.h(42): warning C4244: 'initializing' : conversion from 'double' to 'float', possible loss of data
c:\users\debbie\documents\visual studio 2010\projects\cs 4250 assignment 2\cs 4250 assignment 2\Tree.h(43): warning C4244: 'initializing' : conversion from 'double' to 'float', possible loss of data
c:\users\debbie\documents\visual studio 2010\projects\cs 4250 assignment 2\cs 4250 assignment 2\Tree.h(45): warning C4244: 'initializing' : conversion from 'double' to 'float', possible loss of data
c:\users\debbie\documents\visual studio 2010\projects\cs 4250 assignment 2\cs 4250 assignment 2\Tree.h(46): warning C4244: 'initializing' : conversion from 'double' to 'float', possible loss of data
c:\users\debbie\documents\visual studio 2010\projects\cs 4250 assignment 2\cs 4250 assignment 2\Person.h(33): warning C4930: 'Bagnall::Person vec4(void)': prototyped function not called (was a variable definition intended?)
c:\users\debbie\documents\visual studio 2010\projects\cs 4250 assignment 2\cs 4250 assignment 2\Person.h(143): warning C4244: '=' : conversion from 'double' to 'float', possible loss of data
c:\users\debbie\documents\visual studio 2010\projects\cs 4250 assignment 2\cs 4250 assignment 2\Person.h(148): warning C4244: '=' : conversion from 'double' to 'float', possible loss of data
c:\users\debbie\documents\visual studio 2010\projects\cs 4250 assignment 2\cs 4250 assignment 2\Person.h(153): warning C4244: '=' : conversion from 'double' to 'float', possible loss of data
c:\users\debbie\documents\visual studio 2010\projects\cs 4250 assignment 2\cs 4250 assignment 2\Person.h(158): warning C4244: 'initializing' : conversion from 'double' to 'float', possible loss of data
c:\users\debbie\documents\visual studio 2010\projects\cs 4250 assignment 2\cs 4250 assignment 2\Person.h(159): warning C4244: 'initializing' : conversion from 'double' to 'float', possible loss of data
c:\users\debbie\documents\visual studio 2010\projects\cs 4250 assignment 2\cs 4250 assignment 2\Person.h(161): warning C4244: 'initializing' : conversion from 'double' to 'float', possible loss of data
c:\users\debbie\documents\visual studio 2010\projects\cs 4250 assignment 2\cs 4250 assignment 2\Person.h(200): warning C4305: 'argument' : truncation from 'double' to 'GLfloat'
c:\users\debbie\documents\visual studio 2010\projects\cs 4250 assignment 2\cs 4250 assignment 2\Person.h(201): warning C4305: 'argument' : truncation from 'double' to 'GLfloat'
c:\users\debbie\documents\visual studio 2010\projects\cs 4250 assignment 2\cs 4250 assignment 2\Person.h(202): warning C4305: 'argument' : truncation from 'double' to 'GLfloat'
c:\users\debbie\documents\visual studio 2010\projects\cs 4250 assignment 2\cs 4250 assignment 2\Person.h(202): warning C4305: 'argument' : truncation from 'double' to 'GLfloat'
c:\users\debbie\documents\visual studio 2010\projects\cs 4250 assignment 2\cs 4250 assignment 2\Person.h(203): warning C4305: 'argument' : truncation from 'double' to 'GLfloat'
c:\users\debbie\documents\visual studio 2010\projects\cs 4250 assignment 2\cs 4250 assignment 2\Person.h(203): warning C4305: 'argument' : truncation from 'double' to 'GLfloat'
c:\users\debbie\documents\visual studio 2010\projects\cs 4250 assignment 2\cs 4250 assignment 2\Person.h(204): warning C4305: 'argument' : truncation from 'double' to 'GLfloat'
c:\users\debbie\documents\visual studio 2010\projects\cs 4250 assignment 2\cs 4250 assignment 2\Person.h(208): warning C4305: 'argument' : truncation from 'double' to 'GLfloat'
c:\users\debbie\documents\visual studio 2010\projects\cs 4250 assignment 2\cs 4250 assignment 2\Person.h(208): warning C4305: 'argument' : truncation from 'double' to 'GLfloat'
c:\users\debbie\documents\visual studio 2010\projects\cs 4250 assignment 2\cs 4250 assignment 2\Person.h(208): warning C4305: 'argument' : truncation from 'double' to 'GLfloat'
c:\users\debbie\documents\visual studio 2010\projects\cs 4250 assignment 2\cs 4250 assignment 2\Person.h(209): warning C4305: 'argument' : truncation from 'double' to 'GLfloat'
c:\users\debbie\documents\visual studio 2010\projects\cs 4250 assignment 2\cs 4250 assignment 2\Person.h(209): warning C4305: 'argument' : truncation from 'double' to 'GLfloat'
c:\users\debbie\documents\visual studio 2010\projects\cs 4250 assignment 2\cs 4250 assignment 2\Person.h(210): warning C4305: 'argument' : truncation from 'double' to 'GLfloat'
c:\users\debbie\documents\visual studio 2010\projects\cs 4250 assignment 2\cs 4250 assignment 2\Person.h(210): warning C4305: 'argument' : truncation from 'double' to 'GLfloat'
c:\users\debbie\documents\visual studio 2010\projects\cs 4250 assignment 2\cs 4250 assignment 2\Person.h(210): warning C4305: 'argument' : truncation from 'double' to 'GLfloat'
c:\users\debbie\documents\visual studio 2010\projects\cs 4250 assignment 2\cs 4250 assignment 2\Person.h(211): warning C4305: 'argument' : truncation from 'double' to 'GLfloat'
c:\users\debbie\documents\visual studio 2010\projects\cs 4250 assignment 2\cs 4250 assignment 2\Person.h(211): warning C4305: 'argument' : truncation from 'double' to 'GLfloat'
c:\users\debbie\documents\visual studio 2010\projects\cs 4250 assignment 2\cs 4250 assignment 2\Person.h(211): warning C4305: 'argument' : truncation from 'double' to 'GLfloat'
c:\users\debbie\documents\visual studio 2010\projects\cs 4250 assignment 2\cs 4250 assignment 2\Person.h(212): warning C4305: 'argument' : truncation from 'double' to 'GLfloat'
c:\users\debbie\documents\visual studio 2010\projects\cs 4250 assignment 2\cs 4250 assignment 2\Person.h(212): warning C4305: 'argument' : truncation from 'double' to 'GLfloat'
c:\users\debbie\documents\visual studio 2010\projects\cs 4250 assignment 2\cs 4250 assignment 2\Person.h(213): warning C4305: 'argument' : truncation from 'double' to 'GLfloat'
c:\users\debbie\documents\visual studio 2010\projects\cs 4250 assignment 2\cs 4250 assignment 2\Person.h(213): warning C4305: 'argument' : truncation from 'double' to 'GLfloat'
c:\users\debbie\documents\visual studio 2010\projects\cs 4250 assignment 2\cs 4250 assignment 2\Person.h(246): warning C4244: 'initializing' : conversion from 'double' to 'float', possible loss of data
c:\users\debbie\documents\visual studio 2010\projects\cs 4250 assignment 2\cs 4250 assignment 2\Person.h(247): warning C4244: 'initializing' : conversion from 'double' to 'float', possible loss of data
c:\users\debbie\documents\visual studio 2010\projects\cs 4250 assignment 2\cs 4250 assignment 2\Person.h(249): warning C4244: 'initializing' : conversion from 'double' to 'float', possible loss of data
c:\users\debbie\documents\visual studio 2010\projects\cs 4250 assignment 2\cs 4250 assignment 2\Person.h(269): warning C4018: '<' : signed/unsigned mismatch
c:\users\debbie\documents\visual studio 2010\projects\cs 4250 assignment 2\cs 4250 assignment 2\Bomber.h(50): warning C4305: 'argument' : truncation from 'double' to 'GLfloat'
c:\users\debbie\documents\visual studio 2010\projects\cs 4250 assignment 2\cs 4250 assignment 2\Bomber.h(50): warning C4305: 'argument' : truncation from 'double' to 'GLfloat'
c:\users\debbie\documents\visual studio 2010\projects\cs 4250 assignment 2\cs 4250 assignment 2\Bomber.h(50): warning C4305: 'argument' : truncation from 'double' to 'GLfloat'
c:\users\debbie\documents\visual studio 2010\projects\cs 4250 assignment 2\cs 4250 assignment 2\Bomber.h(88): warning C4244: 'argument' : conversion from 'double' to 'float', possible loss of data
c:\users\debbie\documents\visual studio 2010\projects\cs 4250 assignment 2\cs 4250 assignment 2\Bomber.h(88): warning C4244: 'argument' : conversion from 'double' to 'float', possible loss of data
c:\users\debbie\documents\visual studio 2010\projects\cs 4250 assignment 2\cs 4250 assignment 2\Bomber.h(88): warning C4244: 'argument' : conversion from 'double' to 'float', possible loss of data
c:\users\debbie\documents\visual studio 2010\projects\cs 4250 assignment 2\cs 4250 assignment 2\Bomber.h(90): warning C4305: 'argument' : truncation from 'double' to 'GLfloat'
c:\users\debbie\documents\visual studio 2010\projects\cs 4250 assignment 2\cs 4250 assignment 2\Bomber.h(90): warning C4305: 'argument' : truncation from 'double' to 'GLfloat'
c:\users\debbie\documents\visual studio 2010\projects\cs 4250 assignment 2\cs 4250 assignment 2\Bomber.h(132): warning C4305: 'argument' : truncation from 'double' to 'GLfloat'
c:\users\debbie\documents\visual studio 2010\projects\cs 4250 assignment 2\cs 4250 assignment 2\Bomber.h(133): warning C4305: 'argument' : truncation from 'double' to 'GLfloat'
c:\users\debbie\documents\visual studio 2010\projects\cs 4250 assignment 2\cs 4250 assignment 2\Bomber.h(134): warning C4305: 'argument' : truncation from 'double' to 'GLfloat'
c:\users\debbie\documents\visual studio 2010\projects\cs 4250 assignment 2\cs 4250 assignment 2\Bomber.h(135): warning C4305: 'argument' : truncation from 'double' to 'GLfloat'
c:\users\debbie\documents\visual studio 2010\projects\cs 4250 assignment 2\cs 4250 assignment 2\Bomber.h(147): warning C4305: 'argument' : truncation from 'double' to 'GLfloat'
c:\users\debbie\documents\visual studio 2010\projects\cs 4250 assignment 2\cs 4250 assignment 2\Bomber.h(148): warning C4305: 'argument' : truncation from 'double' to 'GLfloat'
c:\users\debbie\documents\visual studio 2010\projects\cs 4250 assignment 2\cs 4250 assignment 2\Bomber.h(149): warning C4305: 'argument' : truncation from 'double' to 'GLfloat'
c:\users\debbie\documents\visual studio 2010\projects\cs 4250 assignment 2\cs 4250 assignment 2\Bomber.h(150): warning C4305: 'argument' : truncation from 'double' to 'GLfloat'
c:\users\debbie\documents\visual studio 2010\projects\cs 4250 assignment 2\cs 4250 assignment 2\Bomber.h(154): warning C4305: 'argument' : truncation from 'double' to 'GLfloat'
c:\users\debbie\documents\visual studio 2010\projects\cs 4250 assignment 2\cs 4250 assignment 2\Bomber.h(162): warning C4305: 'argument' : truncation from 'double' to 'GLfloat'
c:\users\debbie\documents\visual studio 2010\projects\cs 4250 assignment 2\cs 4250 assignment 2\Bomber.h(162): warning C4305: 'argument' : truncation from 'double' to 'GLfloat'
c:\users\debbie\documents\visual studio 2010\projects\cs 4250 assignment 2\cs 4250 assignment 2\Bomber.h(163): warning C4305: 'argument' : truncation from 'double' to 'GLfloat'
c:\users\debbie\documents\visual studio 2010\projects\cs 4250 assignment 2\cs 4250 assignment 2\Bomber.h(163): warning C4305: 'argument' : truncation from 'double' to 'GLfloat'
c:\users\debbie\documents\visual studio 2010\projects\cs 4250 assignment 2\cs 4250 assignment 2\Bomber.h(164): warning C4305: 'argument' : truncation from 'double' to 'GLfloat'
c:\users\debbie\documents\visual studio 2010\projects\cs 4250 assignment 2\cs 4250 assignment 2\Bomber.h(165): warning C4305: 'argument' : truncation from 'double' to 'GLfloat'
c:\users\debbie\documents\visual studio 2010\projects\cs 4250 assignment 2\cs 4250 assignment 2\Bomber.h(169): warning C4305: 'argument' : truncation from 'double' to 'GLfloat'
c:\users\debbie\documents\visual studio 2010\projects\cs 4250 assignment 2\cs 4250 assignment 2\Bomber.h(169): warning C4305: 'argument' : truncation from 'double' to 'GLfloat'
c:\users\debbie\documents\visual studio 2010\projects\cs 4250 assignment 2\cs 4250 assignment 2\Bomber.h(175): warning C4305: 'argument' : truncation from 'double' to 'GLfloat'
c:\users\debbie\documents\visual studio 2010\projects\cs 4250 assignment 2\cs 4250 assignment 2\Bomber.h(175): warning C4305: 'argument' : truncation from 'double' to 'GLfloat'
c:\users\debbie\documents\visual studio 2010\projects\cs 4250 assignment 2\cs 4250 assignment 2\Bomber.h(176): warning C4305: 'argument' : truncation from 'double' to 'GLfloat'
c:\users\debbie\documents\visual studio 2010\projects\cs 4250 assignment 2\cs 4250 assignment 2\Bomber.h(176): warning C4305: 'argument' : truncation from 'double' to 'GLfloat'
c:\users\debbie\documents\visual studio 2010\projects\cs 4250 assignment 2\cs 4250 assignment 2\Bomber.h(177): warning C4305: 'argument' : truncation from 'double' to 'GLfloat'
c:\users\debbie\documents\visual studio 2010\projects\cs 4250 assignment 2\cs 4250 assignment 2\Bomber.h(178): warning C4305: 'argument' : truncation from 'double' to 'GLfloat'
c:\users\debbie\documents\visual studio 2010\projects\cs 4250 assignment 2\cs 4250 assignment 2\Bomber.h(182): warning C4305: 'argument' : truncation from 'double' to 'GLfloat'
c:\users\debbie\documents\visual studio 2010\projects\cs 4250 assignment 2\cs 4250 assignment 2\Bomber.h(182): warning C4305: 'argument' : truncation from 'double' to 'GLfloat'
c:\users\debbie\documents\visual studio 2010\projects\cs 4250 assignment 2\cs 4250 assignment 2\Bomber.h(204): warning C4018: '<' : signed/unsigned mismatch
c:\users\debbie\documents\visual studio 2010\projects\cs 4250 assignment 2\cs 4250 assignment 2\Bomber.h(229): warning C4244: 'argument' : conversion from 'double' to 'float', possible loss of data
c:\users\debbie\documents\visual studio 2010\projects\cs 4250 assignment 2\cs 4250 assignment 2\Bomber.h(244): warning C4244: 'argument' : conversion from 'double' to 'float', possible loss of data
main.cpp(38): warning C4244: 'argument' : conversion from 'time_t' to 'unsigned int', possible loss of data
main.cpp(52): warning C4305: 'argument' : truncation from 'double' to 'GLfloat'
main.cpp(55): warning C4305: 'argument' : truncation from 'double' to 'float'
main.cpp(61): warning C4305: 'argument' : truncation from 'double' to 'GLfloat'
main.cpp(62): warning C4305: 'argument' : truncation from 'double' to 'GLfloat'
main.cpp(63): warning C4305: 'argument' : truncation from 'double' to 'GLfloat'
main.cpp(63): warning C4305: 'argument' : truncation from 'double' to 'GLfloat'
main.cpp(64): warning C4305: 'argument' : truncation from 'double' to 'GLfloat'
main.cpp(65): warning C4305: 'argument' : truncation from 'double' to 'GLfloat'
main.cpp(65): warning C4305: 'argument' : truncation from 'double' to 'GLfloat'
main.cpp(67): warning C4305: 'argument' : truncation from 'double' to 'GLfloat'
main.cpp(67): warning C4305: 'argument' : truncation from 'double' to 'GLfloat'
main.cpp(68): warning C4305: 'argument' : truncation from 'double' to 'GLfloat'
main.cpp(69): warning C4305: 'argument' : truncation from 'double' to 'GLfloat'
main.cpp(69): warning C4305: 'argument' : truncation from 'double' to 'GLfloat'
main.cpp(70): warning C4305: 'argument' : truncation from 'double' to 'GLfloat'
main.cpp(71): warning C4305: 'argument' : truncation from 'double' to 'GLfloat'
main.cpp(78): warning C4305: 'argument' : truncation from 'double' to 'GLfloat'
main.cpp(78): warning C4305: 'argument' : truncation from 'double' to 'GLfloat'
main.cpp(78): warning C4305: 'argument' : truncation from 'double' to 'GLfloat'
main.cpp(123): warning C4305: 'argument' : truncation from 'double' to 'GLclampf'
main.cpp(123): warning C4305: 'argument' : truncation from 'double' to 'GLclampf'
main.cpp(123): warning C4305: 'argument' : truncation from 'double' to 'GLclampf'
main.cpp(162): warning C4244: 'argument' : conversion from 'int' to 'GLfloat', possible loss of data
main.cpp(162): warning C4244: 'argument' : conversion from 'int' to 'GLfloat', possible loss of data
main.cpp(163): warning C4244: 'argument' : conversion from 'int' to 'GLfloat', possible loss of data
main.cpp(163): warning C4244: 'argument' : conversion from 'int' to 'GLfloat', possible loss of data
main.cpp(174): warning C4244: '+=' : conversion from 'float' to 'int', possible loss of data
main.cpp(270): warning C4244: '=' : conversion from 'const double' to 'float', possible loss of data
main.cpp(273): warning C4244: '=' : conversion from 'double' to 'float', possible loss of data
main.cpp(300): warning C4800: 'int' : forcing value to bool 'true' or 'false' (performance warning)
main.cpp(302): warning C4244: 'argument' : conversion from 'int' to 'GLfloat', possible loss of data
main.cpp(305): warning C4305: 'argument' : truncation from 'double' to 'float'
main.cpp(325): warning C4800: 'int' : forcing value to bool 'true' or 'false' (performance warning)
main.cpp(327): warning C4244: 'argument' : conversion from 'int' to 'GLfloat', possible loss of data
main.cpp(330): warning C4305: 'argument' : truncation from 'double' to 'float'
main.cpp(350): warning C4800: 'int' : forcing value to bool 'true' or 'false' (performance warning)
main.cpp(352): warning C4244: 'argument' : conversion from 'int' to 'GLfloat', possible loss of data
main.cpp(355): warning C4244: 'argument' : conversion from 'double' to 'float', possible loss of data
  Generating code
  Finished generating code
  CS 4250 Assignment 2.vcxproj -> C:\Users\Debbie\Documents\Visual Studio 2010\Projects\CS 4250 Assignment 2\Release\CS 4250 Assignment 2.exe
