  main.cpp
c:\program files (x86)\microsoft visual studio 10.0\vc\include\angel.h(63): warning C4305: 'initializing' : truncation from 'double' to 'const GLfloat'
c:\program files (x86)\microsoft visual studio 10.0\vc\include\mat.h(707): warning C4244: '=' : conversion from 'double' to 'GLfloat', possible loss of data
c:\program files (x86)\microsoft visual studio 10.0\vc\include\mat.h(708): warning C4244: '=' : conversion from 'double' to 'GLfloat', possible loss of data
c:\program files (x86)\microsoft visual studio 10.0\vc\include\mat.h(709): warning C4244: '=' : conversion from 'double' to 'GLfloat', possible loss of data
c:\program files (x86)\microsoft visual studio 10.0\vc\include\mat.h(730): warning C4244: '=' : conversion from 'double' to 'GLfloat', possible loss of data
c:\program files (x86)\microsoft visual studio 10.0\vc\include\mat.h(732): warning C4244: '=' : conversion from 'double' to 'GLfloat', possible loss of data
c:\program files (x86)\microsoft visual studio 10.0\vc\include\mat.h(735): warning C4244: '=' : conversion from 'double' to 'GLfloat', possible loss of data
c:\program files (x86)\microsoft visual studio 10.0\vc\include\mat.h(752): warning C4244: '=' : conversion from 'double' to 'GLfloat', possible loss of data
c:\users\debbie\documents\visual studio 2010\projects\cs 4250 assignment 2\cs 4250 assignment 2\main.cpp(34): warning C4244: 'argument' : conversion from 'time_t' to 'unsigned int', possible loss of data
c:\users\debbie\documents\visual studio 2010\projects\cs 4250 assignment 2\cs 4250 assignment 2\main.cpp(48): warning C4305: 'argument' : truncation from 'double' to 'GLfloat'
c:\users\debbie\documents\visual studio 2010\projects\cs 4250 assignment 2\cs 4250 assignment 2\main.cpp(51): warning C4305: 'argument' : truncation from 'double' to 'float'
c:\users\debbie\documents\visual studio 2010\projects\cs 4250 assignment 2\cs 4250 assignment 2\main.cpp(57): warning C4305: 'argument' : truncation from 'double' to 'GLfloat'
c:\users\debbie\documents\visual studio 2010\projects\cs 4250 assignment 2\cs 4250 assignment 2\main.cpp(58): warning C4305: 'argument' : truncation from 'double' to 'GLfloat'
c:\users\debbie\documents\visual studio 2010\projects\cs 4250 assignment 2\cs 4250 assignment 2\main.cpp(59): warning C4305: 'argument' : truncation from 'double' to 'GLfloat'
c:\users\debbie\documents\visual studio 2010\projects\cs 4250 assignment 2\cs 4250 assignment 2\main.cpp(59): warning C4305: 'argument' : truncation from 'double' to 'GLfloat'
c:\users\debbie\documents\visual studio 2010\projects\cs 4250 assignment 2\cs 4250 assignment 2\main.cpp(60): warning C4305: 'argument' : truncation from 'double' to 'GLfloat'
c:\users\debbie\documents\visual studio 2010\projects\cs 4250 assignment 2\cs 4250 assignment 2\main.cpp(61): warning C4305: 'argument' : truncation from 'double' to 'GLfloat'
c:\users\debbie\documents\visual studio 2010\projects\cs 4250 assignment 2\cs 4250 assignment 2\main.cpp(61): warning C4305: 'argument' : truncation from 'double' to 'GLfloat'
c:\users\debbie\documents\visual studio 2010\projects\cs 4250 assignment 2\cs 4250 assignment 2\main.cpp(63): warning C4305: 'argument' : truncation from 'double' to 'GLfloat'
c:\users\debbie\documents\visual studio 2010\projects\cs 4250 assignment 2\cs 4250 assignment 2\main.cpp(63): warning C4305: 'argument' : truncation from 'double' to 'GLfloat'
c:\users\debbie\documents\visual studio 2010\projects\cs 4250 assignment 2\cs 4250 assignment 2\main.cpp(64): warning C4305: 'argument' : truncation from 'double' to 'GLfloat'
c:\users\debbie\documents\visual studio 2010\projects\cs 4250 assignment 2\cs 4250 assignment 2\main.cpp(65): warning C4305: 'argument' : truncation from 'double' to 'GLfloat'
c:\users\debbie\documents\visual studio 2010\projects\cs 4250 assignment 2\cs 4250 assignment 2\main.cpp(65): warning C4305: 'argument' : truncation from 'double' to 'GLfloat'
c:\users\debbie\documents\visual studio 2010\projects\cs 4250 assignment 2\cs 4250 assignment 2\main.cpp(66): warning C4305: 'argument' : truncation from 'double' to 'GLfloat'
c:\users\debbie\documents\visual studio 2010\projects\cs 4250 assignment 2\cs 4250 assignment 2\main.cpp(67): warning C4305: 'argument' : truncation from 'double' to 'GLfloat'
c:\users\debbie\documents\visual studio 2010\projects\cs 4250 assignment 2\cs 4250 assignment 2\main.cpp(74): warning C4305: 'argument' : truncation from 'double' to 'GLfloat'
c:\users\debbie\documents\visual studio 2010\projects\cs 4250 assignment 2\cs 4250 assignment 2\main.cpp(74): warning C4305: 'argument' : truncation from 'double' to 'GLfloat'
c:\users\debbie\documents\visual studio 2010\projects\cs 4250 assignment 2\cs 4250 assignment 2\main.cpp(74): warning C4305: 'argument' : truncation from 'double' to 'GLfloat'
c:\users\debbie\documents\visual studio 2010\projects\cs 4250 assignment 2\cs 4250 assignment 2\main.cpp(119): warning C4305: 'argument' : truncation from 'double' to 'GLclampf'
c:\users\debbie\documents\visual studio 2010\projects\cs 4250 assignment 2\cs 4250 assignment 2\main.cpp(119): warning C4305: 'argument' : truncation from 'double' to 'GLclampf'
c:\users\debbie\documents\visual studio 2010\projects\cs 4250 assignment 2\cs 4250 assignment 2\main.cpp(119): warning C4305: 'argument' : truncation from 'double' to 'GLclampf'
c:\users\debbie\documents\visual studio 2010\projects\cs 4250 assignment 2\cs 4250 assignment 2\main.cpp(160): warning C4244: 'argument' : conversion from 'int' to 'GLfloat', possible loss of data
c:\users\debbie\documents\visual studio 2010\projects\cs 4250 assignment 2\cs 4250 assignment 2\main.cpp(160): warning C4244: 'argument' : conversion from 'int' to 'GLfloat', possible loss of data
c:\users\debbie\documents\visual studio 2010\projects\cs 4250 assignment 2\cs 4250 assignment 2\main.cpp(161): warning C4244: 'argument' : conversion from 'int' to 'GLfloat', possible loss of data
c:\users\debbie\documents\visual studio 2010\projects\cs 4250 assignment 2\cs 4250 assignment 2\main.cpp(161): warning C4244: 'argument' : conversion from 'int' to 'GLfloat', possible loss of data
c:\users\debbie\documents\visual studio 2010\projects\cs 4250 assignment 2\cs 4250 assignment 2\main.cpp(172): warning C4244: '+=' : conversion from 'float' to 'int', possible loss of data
c:\users\debbie\documents\visual studio 2010\projects\cs 4250 assignment 2\cs 4250 assignment 2\main.cpp(250): warning C4244: '=' : conversion from 'const double' to 'float', possible loss of data
c:\users\debbie\documents\visual studio 2010\projects\cs 4250 assignment 2\cs 4250 assignment 2\main.cpp(253): warning C4244: '=' : conversion from 'double' to 'float', possible loss of data
c:\users\debbie\documents\visual studio 2010\projects\cs 4250 assignment 2\cs 4250 assignment 2\main.cpp(259): warning C4244: 'argument' : conversion from 'double' to 'const GLfloat', possible loss of data
c:\users\debbie\documents\visual studio 2010\projects\cs 4250 assignment 2\cs 4250 assignment 2\main.cpp(263): warning C4244: 'argument' : conversion from 'double' to 'const GLfloat', possible loss of data
c:\users\debbie\documents\visual studio 2010\projects\cs 4250 assignment 2\cs 4250 assignment 2\main.cpp(267): warning C4244: 'argument' : conversion from 'double' to 'const GLfloat', possible loss of data
c:\users\debbie\documents\visual studio 2010\projects\cs 4250 assignment 2\cs 4250 assignment 2\main.cpp(271): warning C4244: 'argument' : conversion from 'double' to 'const GLfloat', possible loss of data
c:\users\debbie\documents\visual studio 2010\projects\cs 4250 assignment 2\cs 4250 assignment 2\main.cpp(275): warning C4244: 'argument' : conversion from 'double' to 'const GLfloat', possible loss of data
c:\users\debbie\documents\visual studio 2010\projects\cs 4250 assignment 2\cs 4250 assignment 2\main.cpp(279): warning C4244: 'argument' : conversion from 'double' to 'const GLfloat', possible loss of data
c:\users\debbie\documents\visual studio 2010\projects\cs 4250 assignment 2\cs 4250 assignment 2\main.cpp(283): warning C4305: 'argument' : truncation from 'double' to 'GLfloat'
c:\users\debbie\documents\visual studio 2010\projects\cs 4250 assignment 2\cs 4250 assignment 2\main.cpp(283): warning C4305: 'argument' : truncation from 'double' to 'GLfloat'
c:\users\debbie\documents\visual studio 2010\projects\cs 4250 assignment 2\cs 4250 assignment 2\main.cpp(283): warning C4305: 'argument' : truncation from 'double' to 'GLfloat'
c:\users\debbie\documents\visual studio 2010\projects\cs 4250 assignment 2\cs 4250 assignment 2\main.cpp(287): warning C4305: 'argument' : truncation from 'double' to 'GLfloat'
c:\users\debbie\documents\visual studio 2010\projects\cs 4250 assignment 2\cs 4250 assignment 2\main.cpp(287): warning C4305: 'argument' : truncation from 'double' to 'GLfloat'
c:\users\debbie\documents\visual studio 2010\projects\cs 4250 assignment 2\cs 4250 assignment 2\main.cpp(287): warning C4305: 'argument' : truncation from 'double' to 'GLfloat'
c:\users\debbie\documents\visual studio 2010\projects\cs 4250 assignment 2\cs 4250 assignment 2\main.cpp(306): warning C4305: 'argument' : truncation from 'double' to 'GLfloat'
c:\users\debbie\documents\visual studio 2010\projects\cs 4250 assignment 2\cs 4250 assignment 2\main.cpp(310): warning C4305: 'argument' : truncation from 'double' to 'GLfloat'
c:\users\debbie\documents\visual studio 2010\projects\cs 4250 assignment 2\cs 4250 assignment 2\main.cpp(314): warning C4305: 'argument' : truncation from 'double' to 'GLfloat'
c:\users\debbie\documents\visual studio 2010\projects\cs 4250 assignment 2\cs 4250 assignment 2\main.cpp(318): warning C4305: 'argument' : truncation from 'double' to 'GLfloat'
c:\users\debbie\documents\visual studio 2010\projects\cs 4250 assignment 2\cs 4250 assignment 2\main.cpp(339): warning C4800: 'int' : forcing value to bool 'true' or 'false' (performance warning)
c:\users\debbie\documents\visual studio 2010\projects\cs 4250 assignment 2\cs 4250 assignment 2\main.cpp(341): warning C4244: 'argument' : conversion from 'int' to 'GLfloat', possible loss of data
c:\users\debbie\documents\visual studio 2010\projects\cs 4250 assignment 2\cs 4250 assignment 2\main.cpp(344): warning C4305: 'argument' : truncation from 'double' to 'float'
c:\users\debbie\documents\visual studio 2010\projects\cs 4250 assignment 2\cs 4250 assignment 2\main.cpp(364): warning C4800: 'int' : forcing value to bool 'true' or 'false' (performance warning)
c:\users\debbie\documents\visual studio 2010\projects\cs 4250 assignment 2\cs 4250 assignment 2\main.cpp(366): warning C4244: 'argument' : conversion from 'int' to 'GLfloat', possible loss of data
c:\users\debbie\documents\visual studio 2010\projects\cs 4250 assignment 2\cs 4250 assignment 2\main.cpp(369): warning C4305: 'argument' : truncation from 'double' to 'float'
c:\users\debbie\documents\visual studio 2010\projects\cs 4250 assignment 2\cs 4250 assignment 2\main.cpp(389): warning C4800: 'int' : forcing value to bool 'true' or 'false' (performance warning)
c:\users\debbie\documents\visual studio 2010\projects\cs 4250 assignment 2\cs 4250 assignment 2\main.cpp(391): warning C4244: 'argument' : conversion from 'int' to 'GLfloat', possible loss of data
c:\users\debbie\documents\visual studio 2010\projects\cs 4250 assignment 2\cs 4250 assignment 2\main.cpp(394): warning C4244: 'argument' : conversion from 'double' to 'float', possible loss of data
c:\users\debbie\documents\visual studio 2010\projects\cs 4250 assignment 2\cs 4250 assignment 2\main.cpp(410): warning C4244: 'argument' : conversion from 'double' to 'GLfloat', possible loss of data
c:\users\debbie\documents\visual studio 2010\projects\cs 4250 assignment 2\cs 4250 assignment 2\main.cpp(410): warning C4244: 'argument' : conversion from 'double' to 'GLfloat', possible loss of data
c:\users\debbie\documents\visual studio 2010\projects\cs 4250 assignment 2\cs 4250 assignment 2\main.cpp(413): warning C4305: 'argument' : truncation from 'double' to 'GLfloat'
c:\users\debbie\documents\visual studio 2010\projects\cs 4250 assignment 2\cs 4250 assignment 2\main.cpp(413): warning C4305: 'argument' : truncation from 'double' to 'GLfloat'
c:\users\debbie\documents\visual studio 2010\projects\cs 4250 assignment 2\cs 4250 assignment 2\main.cpp(413): warning C4305: 'argument' : truncation from 'double' to 'GLfloat'
c:\users\debbie\documents\visual studio 2010\projects\cs 4250 assignment 2\cs 4250 assignment 2\main.cpp(414): warning C4244: 'argument' : conversion from 'int' to 'GLfloat', possible loss of data
c:\users\debbie\documents\visual studio 2010\projects\cs 4250 assignment 2\cs 4250 assignment 2\main.cpp(414): warning C4244: 'argument' : conversion from 'int' to 'GLfloat', possible loss of data
c:\users\debbie\documents\visual studio 2010\projects\cs 4250 assignment 2\cs 4250 assignment 2\main.cpp(415): warning C4244: 'argument' : conversion from 'double' to 'float', possible loss of data
c:\users\debbie\documents\visual studio 2010\projects\cs 4250 assignment 2\cs 4250 assignment 2\main.cpp(416): warning C4305: 'argument' : truncation from 'double' to 'GLfloat'
c:\users\debbie\documents\visual studio 2010\projects\cs 4250 assignment 2\cs 4250 assignment 2\main.cpp(416): warning C4305: 'argument' : truncation from 'double' to 'GLfloat'
  LINK : C:\Users\Debbie\Documents\Visual Studio 2010\Projects\CS 4250 Assignment 2\Debug\CS 4250 Assignment 2.exe not found or not built by the last incremental link; performing full link
  CS 4250 Assignment 2.vcxproj -> C:\Users\Debbie\Documents\Visual Studio 2010\Projects\CS 4250 Assignment 2\Debug\CS 4250 Assignment 2.exe
